# JRE version: OpenJDK Runtime Environment (17.0.6) (build 17.0.6+0-b2043.56-9586694)
# Java VM: OpenJDK 64-Bit Server VM (17.0.6+0-b2043.56-9586694, mixed mode, tiered, compressed oops, compressed class ptrs, g1 gc, windows-amd64)
GC Precious Log:
 CPUs: 12 total, 12 available
 Memory: 16332M
 Large Page Support: Disabled
 NUMA Support: Disabled
 Compressed Oops: Enabled (Zero based)
 Heap Region Size: 4M
 Heap Min Capacity: 8M
 Heap Initial Capacity: 256M
 Heap Max Capacity: 8144M
 Pre-touch: Disabled
 Parallel Workers: 10
 Concurrent Workers: 3
 Concurrent Refinement Workers: 10
 Periodic GC: Disabled
Heap:
 garbage-first heap   total 860160K, used 336601K [0x0000000603000000, 0x0000000800000000)
  region size 4096K, 12 young (49152K), 12 survivors (49152K)
 Metaspace       used 211857K, committed 214272K, reserved 1236992K
  class space    used 27767K, committed 28928K, reserved 1048576K
GC Heap History (20 events):
Event: 7593.548 GC heap after
{Heap after GC invocations=79 (full 1):
 garbage-first heap   total 860160K, used 271427K [0x0000000603000000, 0x0000000800000000)
  region size 4096K, 2 young (8192K), 2 survivors (8192K)
 Metaspace       used 193562K, committed 195392K, reserved 1220608K
  class space    used 25424K, committed 26304K, reserved 1048576K
}
Event: 7898.817 GC heap before
{Heap before GC invocations=79 (full 1):
 garbage-first heap   total 860160K, used 545859K [0x0000000603000000, 0x0000000800000000)
  region size 4096K, 71 young (290816K), 2 survivors (8192K)
 Metaspace       used 193982K, committed 195904K, reserved 1220608K
  class space    used 25459K, committed 26368K, reserved 1048576K
}
Event: 7898.828 GC heap after
{Heap after GC invocations=80 (full 1):
 garbage-first heap   total 860160K, used 298553K [0x0000000603000000, 0x0000000800000000)
  region size 4096K, 9 young (36864K), 9 survivors (36864K)
 Metaspace       used 193982K, committed 195904K, reserved 1220608K
  class space    used 25459K, committed 26368K, reserved 1048576K
}
Event: 8608.016 GC heap before
{Heap before GC invocations=81 (full 1):
 garbage-first heap   total 860160K, used 683577K [0x0000000603000000, 0x0000000800000000)
  region size 4096K, 98 young (401408K), 9 survivors (36864K)
 Metaspace       used 194261K, committed 196352K, reserved 1220608K
  class space    used 25511K, committed 26496K, reserved 1048576K
}
Event: 8608.025 GC heap after
{Heap after GC invocations=82 (full 1):
 garbage-first heap   total 860160K, used 288197K [0x0000000603000000, 0x0000000800000000)
  region size 4096K, 5 young (20480K), 5 survivors (20480K)
 Metaspace       used 194261K, committed 196352K, reserved 1220608K
  class space    used 25511K, committed 26496K, reserved 1048576K
}
Event: 8608.051 GC heap before
{Heap before GC invocations=82 (full 1):
 garbage-first heap   total 860160K, used 304581K [0x0000000603000000, 0x0000000800000000)
  region size 4096K, 10 young (40960K), 5 survivors (20480K)
 Metaspace       used 194261K, committed 196352K, reserved 1220608K
  class space    used 25511K, committed 26496K, reserved 1048576K
}
Event: 8608.056 GC heap after
{Heap after GC invocations=83 (full 1):
 garbage-first heap   total 860160K, used 280131K [0x0000000603000000, 0x0000000800000000)
  region size 4096K, 1 young (4096K), 1 survivors (4096K)
 Metaspace       used 194261K, committed 196352K, reserved 1220608K
  class space    used 25511K, committed 26496K, reserved 1048576K
}
Event: 9142.370 GC heap before
{Heap before GC invocations=83 (full 1):
 garbage-first heap   total 860160K, used 423491K [0x0000000603000000, 0x0000000800000000)
  region size 4096K, 38 young (155648K), 1 survivors (4096K)
 Metaspace       used 194369K, committed 196480K, reserved 1220608K
  class space    used 25515K, committed 26496K, reserved 1048576K
}
Event: 9142.381 GC heap after
{Heap after GC invocations=84 (full 1):
 garbage-first heap   total 860160K, used 308908K [0x0000000603000000, 0x0000000800000000)
  region size 4096K, 8 young (32768K), 8 survivors (32768K)
 Metaspace       used 194369K, committed 196480K, reserved 1220608K
  class space    used 25515K, committed 26496K, reserved 1048576K
}
Event: 9205.004 GC heap before
{Heap before GC invocations=85 (full 1):
 garbage-first heap   total 860160K, used 665260K [0x0000000603000000, 0x0000000800000000)
  region size 4096K, 93 young (380928K), 8 survivors (32768K)
 Metaspace       used 193766K, committed 196544K, reserved 1220608K
  class space    used 25315K, committed 26496K, reserved 1048576K
}
Event: 9205.010 GC heap after
{Heap after GC invocations=86 (full 1):
 garbage-first heap   total 860160K, used 291745K [0x0000000603000000, 0x0000000800000000)
  region size 4096K, 2 young (8192K), 2 survivors (8192K)
 Metaspace       used 193766K, committed 196544K, reserved 1220608K
  class space    used 25315K, committed 26496K, reserved 1048576K
}
Event: 9205.149 GC heap before
{Heap before GC invocations=86 (full 1):
 garbage-first heap   total 860160K, used 320417K [0x0000000603000000, 0x0000000800000000)
  region size 4096K, 10 young (40960K), 2 survivors (8192K)
 Metaspace       used 193818K, committed 196544K, reserved 1220608K
  class space    used 25316K, committed 26496K, reserved 1048576K
}
Event: 9205.154 GC heap after
{Heap after GC invocations=87 (full 1):
 garbage-first heap   total 860160K, used 270359K [0x0000000603000000, 0x0000000800000000)
  region size 4096K, 2 young (8192K), 2 survivors (8192K)
 Metaspace       used 193818K, committed 196544K, reserved 1220608K
  class space    used 25316K, committed 26496K, reserved 1048576K
}
Event: 9205.276 GC heap before
{Heap before GC invocations=87 (full 1):
 garbage-first heap   total 860160K, used 323607K [0x0000000603000000, 0x0000000800000000)
  region size 4096K, 17 young (69632K), 2 survivors (8192K)
 Metaspace       used 193826K, committed 196544K, reserved 1220608K
  class space    used 25316K, committed 26496K, reserved 1048576K
}
Event: 9205.285 GC heap after
{Heap after GC invocations=88 (full 1):
 garbage-first heap   total 860160K, used 294230K [0x0000000603000000, 0x0000000800000000)
  region size 4096K, 8 young (32768K), 8 survivors (32768K)
 Metaspace       used 193826K, committed 196544K, reserved 1220608K
  class space    used 25316K, committed 26496K, reserved 1048576K
}
Event: 10450.234 GC heap before
{Heap before GC invocations=89 (full 1):
 garbage-first heap   total 860160K, used 638294K [0x0000000603000000, 0x0000000800000000)
  region size 4096K, 90 young (368640K), 8 survivors (32768K)
 Metaspace       used 207416K, committed 209344K, reserved 1236992K
  class space    used 27073K, committed 27968K, reserved 1048576K
}
Event: 10450.245 GC heap after
{Heap after GC invocations=90 (full 1):
 garbage-first heap   total 860160K, used 289895K [0x0000000603000000, 0x0000000800000000)
  region size 4096K, 6 young (24576K), 6 survivors (24576K)
 Metaspace       used 207416K, committed 209344K, reserved 1236992K
  class space    used 27073K, committed 27968K, reserved 1048576K
}
Event: 10450.286 GC heap before
{Heap before GC invocations=90 (full 1):
 garbage-first heap   total 860160K, used 306279K [0x0000000603000000, 0x0000000800000000)
  region size 4096K, 10 young (40960K), 6 survivors (24576K)
 Metaspace       used 207437K, committed 209408K, reserved 1236992K
  class space    used 27073K, committed 27968K, reserved 1048576K
}
Event: 10450.299 GC heap after
{Heap after GC invocations=91 (full 1):
 garbage-first heap   total 860160K, used 271875K [0x0000000603000000, 0x0000000800000000)
  region size 4096K, 1 young (4096K), 1 survivors (4096K)
 Metaspace       used 207437K, committed 209408K, reserved 1236992K
  class space    used 27073K, committed 27968K, reserved 1048576K
}
Event: 10741.306 GC heap before
{Heap before GC invocations=91 (full 1):
 garbage-first heap   total 860160K, used 603651K [0x0000000603000000, 0x0000000800000000)
  region size 4096K, 84 young (344064K), 1 survivors (4096K)
 Metaspace       used 211857K, committed 214272K, reserved 1236992K
  class space    used 27767K, committed 28928K, reserved 1048576K
}

